<?xml version="1.0" encoding="UTF-8"?>
<!-- Generated by org.testng.reporters.JUnitXMLReporter -->
<testsuite ignored="0" hostname="LAPTOP-6E0UN0LT" failures="2" tests="2" name="Test" time="7.863" errors="0" timestamp="2024-11-05T08:05:12 IST">
  <testcase classname="com.vcentry.testcase.LoginTest" name="LoginWithInvalidCredentials" time="1.249">
    <failure type="java.lang.AssertionError" message="expected [Please enter a correct username and password. Note that both fields may be case-sensitive.] but found [Register]">
      <![CDATA[java.lang.AssertionError: expected [Please enter a correct username and password. Note that both fields may be case-sensitive.] but found [Register]
at com.vcentry.pages.LoginPage.verifyHomePage(LoginPage.java:34)
at com.vcentry.testcase.LoginTest.LoginWithInvalidCredentials(LoginTest.java:44)
at java.base/java.util.ArrayList.forEach(ArrayList.java:1597)
... Removed 31 stack frames]]>
    </failure>
  </testcase> <!-- LoginWithInvalidCredentials -->
  <testcase classname="com.vcentry.testcase.LoginTest" name="LoginWithValidCredentials" time="1.401">
    <failure type="java.lang.AssertionError" message="expected [sutharsan] but found [Register]">
      <![CDATA[java.lang.AssertionError: expected [sutharsan] but found [Register]
at com.vcentry.pages.LoginPage.verifyHomePage(LoginPage.java:34)
at com.vcentry.testcase.LoginTest.LoginWithValidCredentials(LoginTest.java:27)
at java.base/java.util.ArrayList.forEach(ArrayList.java:1597)
... Removed 31 stack frames]]>
    </failure>
  </testcase> <!-- LoginWithValidCredentials -->
</testsuite> <!-- Test -->
